Arguments: 
  C:\Program Files\nodejs\node.exe C:\Users\Renan\AppData\Roaming\npm\node_modules\yarn\bin\yarn.js add styled-components

PATH: 
  C:\Users\Renan\bin;C:\Program Files\Git\mingw64\bin;C:\Program Files\Git\usr\local\bin;C:\Program Files\Git\usr\bin;C:\Program Files\Git\usr\bin;C:\Program Files\Git\mingw64\bin;C:\Program Files\Git\usr\bin;C:\Users\Renan\bin;C:\Program Files (x86)\NVIDIA Corporation\PhysX\Common;C:\Windows\system32;C:\Windows;C:\Windows\System32\Wbem;C:\Windows\System32\WindowsPowerShell\v1.0;C:\Program Files\Git\cmd;C:\Program Files\nodejs;C:\Users\Renan\AppData\Local\Microsoft\WindowsApps;C:\Users\Renan\AppData\Local\Programs\Microsoft VS Code\bin;C:\Users\Renan\AppData\Roaming\npm;C:\Program Files\Git\usr\bin\vendor_perl;C:\Program Files\Git\usr\bin\core_perl

Yarn version: 
  1.22.10

Node version: 
  14.16.1

Platform: 
  win32 x64

Trace: 
  Error: EPERM: operation not permitted, copyfile 'C:\Users\Renan\AppData\Local\Yarn\Cache\v6\npm-gatsby-plugin-gatsby-cloud-2.3.0-cf8863ec9ac3042b15909277033c0661bf0977b2-integrity\node_modules\gatsby-plugin-gatsby-cloud\build-headers-program.js' -> 'C:\Users\Renan\Documents\estudio\berk\node_modules\gatsby-plugin-gatsby-cloud\build-headers-program.js'

npm manifest: 
  {
    "name": "berk",
    "version": "1.0.0",
    "private": true,
    "description": "berk",
    "author": "renananiceto",
    "keywords": [
      "gatsby"
    ],
    "scripts": {
      "develop": "gatsby develop",
      "start": "gatsby develop",
      "build": "gatsby build",
      "serve": "gatsby serve",
      "clean": "gatsby clean"
    },
    "dependencies": {
      "@mdx-js/mdx": "^1.6.22",
      "@mdx-js/react": "^1.6.22",
      "babel-plugin-styled-components": "^1.12.0",
      "gatsby": "^3.3.1",
      "gatsby-plugin-gatsby-cloud": "^2.3.0",
      "gatsby-plugin-image": "^1.3.1",
      "gatsby-plugin-manifest": "^3.3.0",
      "gatsby-plugin-mdx": "^2.3.0",
      "gatsby-plugin-netlify-cms": "^5.3.0",
      "gatsby-plugin-react-helmet": "^4.3.0",
      "gatsby-plugin-sharp": "^3.3.1",
      "gatsby-plugin-sitemap": "^3.3.0",
      "gatsby-plugin-styled-components": "^4.3.0",
      "gatsby-source-filesystem": "^3.3.0",
      "gatsby-transformer-remark": "^4.0.0",
      "gatsby-transformer-sharp": "^3.3.0",
      "netlify-cms-app": "^2.14.46",
      "react": "^17.0.1",
      "react-dom": "^17.0.1",
      "react-helmet": "^6.1.0",
      "styled-components": "^5.2.3"
    }
  }

yarn manifest: 
  No manifest

Lockfile: 
  No lockfile
